Flow report for clock2
Mon Jan 24 01:57:50 2022
Quartus Prime Version 20.1.0 Build 711 06/05/2020 SJ Lite Edition


---------------------
; Table of Contents ;
---------------------
  1. Legal Notice
  2. Flow Summary
  3. Flow Settings
  4. Flow Non-Default Global Settings
  5. Flow Elapsed Time
  6. Flow OS Summary
  7. Flow Log
  8. Flow Messages
  9. Flow Suppressed Messages



----------------
; Legal Notice ;
----------------
Copyright (C) 2020  Intel Corporation. All rights reserved.
Your use of Intel Corporation's design tools, logic functions 
and other software and tools, and any partner logic 
functions, and any output files from any of the foregoing 
(including device programming or simulation files), and any 
associated documentation or information are expressly subject 
to the terms and conditions of the Intel Program License 
Subscription Agreement, the Intel Quartus Prime License Agreement,
the Intel FPGA IP License Agreement, or other applicable license
agreement, including, without limitation, that your use is for
the sole purpose of programming logic devices manufactured by
Intel and sold by Intel or its authorized distributors.  Please
refer to the applicable agreement for further details, at
https://fpgasoftware.intel.com/eula.



+----------------------------------------------------------------------------------+
; Flow Summary                                                                     ;
+------------------------------------+---------------------------------------------+
; Flow Status                        ; Successful - Mon Jan 24 01:57:50 2022       ;
; Quartus Prime Version              ; 20.1.0 Build 711 06/05/2020 SJ Lite Edition ;
; Revision Name                      ; clock2                                      ;
; Top-level Entity Name              ; clock2                                      ;
; Family                             ; Cyclone IV E                                ;
; Device                             ; EP4CE6E22C8                                 ;
; Timing Models                      ; Final                                       ;
; Total logic elements               ; 48 / 6,272 ( < 1 % )                        ;
;     Total combinational functions  ; 48 / 6,272 ( < 1 % )                        ;
;     Dedicated logic registers      ; 24 / 6,272 ( < 1 % )                        ;
; Total registers                    ; 24                                          ;
; Total pins                         ; 26 / 92 ( 28 % )                            ;
; Total virtual pins                 ; 0                                           ;
; Total memory bits                  ; 0 / 276,480 ( 0 % )                         ;
; Embedded Multiplier 9-bit elements ; 0 / 30 ( 0 % )                              ;
; Total PLLs                         ; 0 / 2 ( 0 % )                               ;
+------------------------------------+---------------------------------------------+


+-----------------------------------------+
; Flow Settings                           ;
+-------------------+---------------------+
; Option            ; Setting             ;
+-------------------+---------------------+
; Start date & time ; 01/24/2022 01:43:09 ;
; Main task         ; Compilation         ;
; Revision Name     ; clock2              ;
+-------------------+---------------------+


+-------------------------------------------------------------------------------------------------------------------------+
; Flow Non-Default Global Settings                                                                                        ;
+-------------------------------------+----------------------------------------+---------------+-------------+------------+
; Assignment Name                     ; Value                                  ; Default Value ; Entity Name ; Section Id ;
+-------------------------------------+----------------------------------------+---------------+-------------+------------+
; COMPILER_SIGNATURE_ID               ; 277302806787280.164295978907208        ; --            ; --          ; --         ;
; MAX_CORE_JUNCTION_TEMP              ; 85                                     ; --            ; --          ; --         ;
; MIN_CORE_JUNCTION_TEMP              ; 0                                      ; --            ; --          ; --         ;
; NOMINAL_CORE_SUPPLY_VOLTAGE         ; 1.2V                                   ; --            ; --          ; --         ;
; PARTITION_COLOR                     ; -- (Not supported for targeted family) ; --            ; --          ; Top        ;
; PARTITION_FITTER_PRESERVATION_LEVEL ; -- (Not supported for targeted family) ; --            ; --          ; Top        ;
; PARTITION_NETLIST_TYPE              ; -- (Not supported for targeted family) ; --            ; --          ; Top        ;
; PROJECT_OUTPUT_DIRECTORY            ; output_files                           ; --            ; --          ; --         ;
+-------------------------------------+----------------------------------------+---------------+-------------+------------+


+--------------------------------------------------------------------------------------------------------------------------+
; Flow Elapsed Time                                                                                                        ;
+----------------------+--------------+-------------------------+---------------------+------------------------------------+
; Module Name          ; Elapsed Time ; Average Processors Used ; Peak Virtual Memory ; Total CPU Time (on all processors) ;
+----------------------+--------------+-------------------------+---------------------+------------------------------------+
; Analysis & Synthesis ; 00:00:09     ; 1.0                     ; 4836 MB             ; 00:00:21                           ;
; Fitter               ; 00:00:06     ; 1.1                     ; 6502 MB             ; 00:00:06                           ;
; Assembler            ; 00:00:03     ; 1.0                     ; 4681 MB             ; 00:00:01                           ;
; Timing Analyzer      ; 00:00:05     ; 1.1                     ; 4909 MB             ; 00:00:02                           ;
; EDA Netlist Writer   ; 00:00:03     ; 1.0                     ; 4631 MB             ; 00:00:01                           ;
; EDA Netlist Writer   ; 00:00:02     ; 1.0                     ; 4639 MB             ; 00:00:01                           ;
; EDA Netlist Writer   ; 00:00:01     ; 1.0                     ; 4631 MB             ; 00:00:01                           ;
; EDA Netlist Writer   ; 00:00:03     ; 1.0                     ; 4639 MB             ; 00:00:01                           ;
; EDA Netlist Writer   ; 00:00:01     ; 1.0                     ; 4631 MB             ; 00:00:01                           ;
; EDA Netlist Writer   ; 00:00:02     ; 1.0                     ; 4631 MB             ; 00:00:01                           ;
; EDA Netlist Writer   ; 00:00:04     ; 1.0                     ; 4650 MB             ; 00:00:01                           ;
; EDA Netlist Writer   ; 00:00:01     ; 1.0                     ; 4632 MB             ; 00:00:01                           ;
; EDA Netlist Writer   ; 00:00:02     ; 1.0                     ; 4646 MB             ; 00:00:01                           ;
; EDA Netlist Writer   ; 00:00:01     ; 1.0                     ; 4632 MB             ; 00:00:01                           ;
; EDA Netlist Writer   ; 00:00:03     ; 1.0                     ; 4639 MB             ; 00:00:01                           ;
; EDA Netlist Writer   ; 00:00:02     ; 1.0                     ; 4632 MB             ; 00:00:01                           ;
; EDA Netlist Writer   ; 00:00:02     ; 1.0                     ; 4641 MB             ; 00:00:01                           ;
; EDA Netlist Writer   ; 00:00:04     ; 1.0                     ; 4632 MB             ; 00:00:01                           ;
; EDA Netlist Writer   ; 00:00:02     ; 1.0                     ; 4641 MB             ; 00:00:01                           ;
; Total                ; 00:00:56     ; --                      ; --                  ; 00:00:45                           ;
+----------------------+--------------+-------------------------+---------------------+------------------------------------+


+------------------------------------------------------------------------------------+
; Flow OS Summary                                                                    ;
+----------------------+------------------+------------+------------+----------------+
; Module Name          ; Machine Hostname ; OS Name    ; OS Version ; Processor type ;
+----------------------+------------------+------------+------------+----------------+
; Analysis & Synthesis ; LAPTOP-H5NIMJJB  ; Windows 10 ; 10.0       ; x86_64         ;
; Fitter               ; LAPTOP-H5NIMJJB  ; Windows 10 ; 10.0       ; x86_64         ;
; Assembler            ; LAPTOP-H5NIMJJB  ; Windows 10 ; 10.0       ; x86_64         ;
; Timing Analyzer      ; LAPTOP-H5NIMJJB  ; Windows 10 ; 10.0       ; x86_64         ;
; EDA Netlist Writer   ; LAPTOP-H5NIMJJB  ; Windows 10 ; 10.0       ; x86_64         ;
; EDA Netlist Writer   ; LAPTOP-H5NIMJJB  ; Windows 10 ; 10.0       ; x86_64         ;
; EDA Netlist Writer   ; LAPTOP-H5NIMJJB  ; Windows 10 ; 10.0       ; x86_64         ;
; EDA Netlist Writer   ; LAPTOP-H5NIMJJB  ; Windows 10 ; 10.0       ; x86_64         ;
; EDA Netlist Writer   ; LAPTOP-H5NIMJJB  ; Windows 10 ; 10.0       ; x86_64         ;
; EDA Netlist Writer   ; LAPTOP-H5NIMJJB  ; Windows 10 ; 10.0       ; x86_64         ;
; EDA Netlist Writer   ; LAPTOP-H5NIMJJB  ; Windows 10 ; 10.0       ; x86_64         ;
; EDA Netlist Writer   ; LAPTOP-H5NIMJJB  ; Windows 10 ; 10.0       ; x86_64         ;
; EDA Netlist Writer   ; LAPTOP-H5NIMJJB  ; Windows 10 ; 10.0       ; x86_64         ;
; EDA Netlist Writer   ; LAPTOP-H5NIMJJB  ; Windows 10 ; 10.0       ; x86_64         ;
; EDA Netlist Writer   ; LAPTOP-H5NIMJJB  ; Windows 10 ; 10.0       ; x86_64         ;
; EDA Netlist Writer   ; LAPTOP-H5NIMJJB  ; Windows 10 ; 10.0       ; x86_64         ;
; EDA Netlist Writer   ; LAPTOP-H5NIMJJB  ; Windows 10 ; 10.0       ; x86_64         ;
; EDA Netlist Writer   ; LAPTOP-H5NIMJJB  ; Windows 10 ; 10.0       ; x86_64         ;
; EDA Netlist Writer   ; LAPTOP-H5NIMJJB  ; Windows 10 ; 10.0       ; x86_64         ;
+----------------------+------------------+------------+------------+----------------+


------------
; Flow Log ;
------------
quartus_map --read_settings_files=on --write_settings_files=off clock2 -c clock2
quartus_fit --read_settings_files=off --write_settings_files=off clock2 -c clock2
quartus_asm --read_settings_files=off --write_settings_files=off clock2 -c clock2
quartus_sta clock2 -c clock2
quartus_eda --gen_testbench --tool=modelsim_oem --format=verilog --write_settings_files=off clock2 -c clock2 --vector_source=C:/Verilog/clock2/Waveform1.vwf --testbench_file=C:/Verilog/clock2/simulation/qsim/Waveform1.vwf.vt
quartus_eda --write_settings_files=off --simulation=on --functional=on --flatten_buses=off --tool=modelsim_oem --format=verilog --output_directory=C:/Verilog/clock2/simulation/qsim/ clock2 -c clock2
quartus_eda --gen_testbench --tool=modelsim_oem --format=verilog --write_settings_files=off clock2 -c clock2 --vector_source=C:/Verilog/clock2/Waveform1.vwf --testbench_file=C:/Verilog/clock2/simulation/qsim/Waveform1.vwf.vt
quartus_eda --write_settings_files=off --simulation=on --functional=on --flatten_buses=off --tool=modelsim_oem --format=verilog --output_directory=C:/Verilog/clock2/simulation/qsim/ clock2 -c clock2
quartus_eda --gen_testbench --tool=modelsim_oem --format=verilog --write_settings_files=off clock2 -c clock2 --vector_source=C:/Verilog/clock2/Waveform1.vwf --testbench_file=C:/Verilog/clock2/simulation/modelsim/Waveform1.vwf.vt
quartus_eda --gen_testbench --tool=modelsim_oem --format=verilog --write_settings_files=off clock2 -c clock2 --vector_source=C:/Verilog/clock2/Waveform1.vwf --testbench_file=C:/Verilog/clock2/simulation/qsim/Waveform1.vwf.vt
quartus_eda --write_settings_files=off --simulation=on --functional=off --flatten_buses=off --timescale=1ps --tool=modelsim_oem --format=verilog --output_directory=C:/Verilog/clock2/simulation/qsim/ clock2 -c clock2
quartus_eda --gen_testbench --tool=modelsim_oem --format=verilog --write_settings_files=off clock2 -c clock2 --vector_source=C:/Verilog/clock2/Waveform1.vwf --testbench_file=C:/Verilog/clock2/simulation/qsim/Waveform1.vwf.vt
quartus_eda --write_settings_files=off --simulation=on --functional=off --flatten_buses=off --timescale=1ps --tool=modelsim_oem --format=verilog --output_directory=C:/Verilog/clock2/simulation/qsim/ clock2 -c clock2
quartus_eda --gen_testbench --tool=modelsim_oem --format=verilog --write_settings_files=off clock2 -c clock2 --vector_source=C:/Verilog/clock2/Waveform1.vwf --testbench_file=C:/Verilog/clock2/simulation/qsim/Waveform1.vwf.vt
quartus_eda --write_settings_files=off --simulation=on --functional=on --flatten_buses=off --tool=modelsim_oem --format=verilog --output_directory=C:/Verilog/clock2/simulation/qsim/ clock2 -c clock2
quartus_eda --gen_testbench --tool=modelsim_oem --format=verilog --write_settings_files=off clock2 -c clock2 --vector_source=C:/Verilog/clock2/Waveform1.vwf --testbench_file=C:/Verilog/clock2/simulation/qsim/Waveform1.vwf.vt
quartus_eda --write_settings_files=off --simulation=on --functional=on --flatten_buses=off --tool=modelsim_oem --format=verilog --output_directory=C:/Verilog/clock2/simulation/qsim/ clock2 -c clock2
quartus_eda --gen_testbench --tool=modelsim_oem --format=verilog --write_settings_files=off clock2 -c clock2 --vector_source=C:/Verilog/clock2/Waveform1.vwf --testbench_file=C:/Verilog/clock2/simulation/qsim/Waveform1.vwf.vt
quartus_eda --write_settings_files=off --simulation=on --functional=on --flatten_buses=off --tool=modelsim_oem --format=verilog --output_directory=C:/Verilog/clock2/simulation/qsim/ clock2 -c clock2



